Vivado Simulator 2020.1
Copyright 1986-1999, 2001-2020 Xilinx, Inc. All Rights Reserved.
Running: D:/software/Xilinx/Vivado/2020.1/bin/unwrapped/win64.o/xelab.exe -wto 22ae89595d8c4a79871462858b75aee5 --incr --debug typical --relax --mt 2 --maxdelay -L xil_defaultlib -L simprims_ver -L secureip --snapshot teshbench_time_impl -transport_int_delays -pulse_r 0 -pulse_int_r 0 -pulse_e 0 -pulse_int_e 0 xil_defaultlib.teshbench xil_defaultlib.glbl -log elaborate.log 
Using 2 slave threads.
Starting static elaboration
Pass Through NonSizing Optimizer
Completed static elaboration
Starting simulation data flow analysis
Completed simulation data flow analysis
INFO: [XSIM 43-3451] SDF backannotation process started with SDF file "teshbench_time_impl.sdf", for root module "teshbench/uut".
INFO: [XSIM 43-3452] SDF backannotation was successful for SDF file "teshbench_time_impl.sdf", for root module "teshbench/uut".
Time Resolution for simulation is 1ps
Compiling package std.standard
Compiling package std.textio
Compiling package ieee.std_logic_1164
Compiling package ieee.numeric_std
Compiling package vl.vl_types
Compiling module xil_defaultlib.glbl
Compiling module simprims_ver.IBUF
Compiling module simprims_ver.BUFG
Compiling module simprims_ver.CARRY4
Compiling module simprims_ver.x_lut1_mux2
Compiling module simprims_ver.LUT1(INIT=2'b01)
Compiling module simprims_ver.LUT4
Compiling module simprims_ver.LUT5
Compiling module simprims_ver.FDRE(INIT=1'b1)
Compiling module simprims_ver.FDRE_default
Compiling module xil_defaultlib.CLK_DIV
Compiling module simprims_ver.x_lut3_mux8
Compiling module simprims_ver.LUT3
Compiling module simprims_ver.LUT6
Compiling module simprims_ver.x_lut2_mux4
Compiling module simprims_ver.LUT2
Compiling module simprims_ver.FDCE_default
Compiling module xil_defaultlib.ADDR_CNTR
Compiling module simprims_ver.OBUF
Compiling module xil_defaultlib.LED_DRIVER
Compiling architecture behavioral of entity xil_defaultlib.teshbench
Built simulation snapshot teshbench_time_impl
