
*** Running vivado
    with args -log AES.vds -m64 -product Vivado -mode batch -messageDb vivado.pb -notrace -source AES.tcl



****** Vivado v2020.1 (64-bit)
  **** SW Build 2902540 on Wed May 27 19:54:49 MDT 2020
  **** IP Build 2902112 on Wed May 27 22:43:36 MDT 2020
    ** Copyright 1986-2020 Xilinx, Inc. All Rights Reserved.

source AES.tcl -notrace
Command: synth_design -top AES -part xc7z020clg484-1
Starting synth_design
Attempting to get a license for feature 'Synthesis' and/or device 'xc7z020'
INFO: [Common 17-349] Got license for feature 'Synthesis' and/or device 'xc7z020'
INFO: [Synth 8-7079] Multithreading enabled for synth_design using a maximum of 2 processes.
INFO: [Synth 8-7078] Launching helper process for spawning children vivado processes
INFO: [Synth 8-7075] Helper process launched with PID 14140
---------------------------------------------------------------------------------
Starting Synthesize : Time (s): cpu = 00:00:04 ; elapsed = 00:00:06 . Memory (MB): peak = 1082.316 ; gain = 0.000
---------------------------------------------------------------------------------
INFO: [Synth 8-638] synthesizing module 'AES' [D:/Courses/FPGA/proj/src/AES.vhd:21]
	Parameter KEY_LENGTH bound to: 128 - type: integer 
INFO: [Synth 8-3491] module 'AddRoundKey' declared at 'D:/Courses/FPGA/proj/src/AddRoundKey.vhd:8' bound to instance 'ARK0' of component 'AddRoundKey' [D:/Courses/FPGA/proj/src/AES.vhd:76]
INFO: [Synth 8-638] synthesizing module 'AddRoundKey' [D:/Courses/FPGA/proj/src/AddRoundKey.vhd:17]
INFO: [Synth 8-256] done synthesizing module 'AddRoundKey' (1#1) [D:/Courses/FPGA/proj/src/AddRoundKey.vhd:17]
INFO: [Synth 8-3491] module 'KeyExpansion' declared at 'D:/Courses/FPGA/proj/src/KeyExpansion.vhd:8' bound to instance 'KeyExp' of component 'KeyExpansion' [D:/Courses/FPGA/proj/src/AES.vhd:88]
INFO: [Synth 8-638] synthesizing module 'KeyExpansion' [D:/Courses/FPGA/proj/src/KeyExpansion.vhd:17]
INFO: [Synth 8-256] done synthesizing module 'KeyExpansion' (2#1) [D:/Courses/FPGA/proj/src/KeyExpansion.vhd:17]
INFO: [Synth 8-3491] module 'KeyExpansion' declared at 'D:/Courses/FPGA/proj/src/KeyExpansion.vhd:8' bound to instance 'KeyExp' of component 'KeyExpansion' [D:/Courses/FPGA/proj/src/AES.vhd:88]
INFO: [Synth 8-3491] module 'KeyExpansion' declared at 'D:/Courses/FPGA/proj/src/KeyExpansion.vhd:8' bound to instance 'KeyExp' of component 'KeyExpansion' [D:/Courses/FPGA/proj/src/AES.vhd:88]
INFO: [Synth 8-3491] module 'KeyExpansion' declared at 'D:/Courses/FPGA/proj/src/KeyExpansion.vhd:8' bound to instance 'KeyExp' of component 'KeyExpansion' [D:/Courses/FPGA/proj/src/AES.vhd:88]
INFO: [Synth 8-3491] module 'KeyExpansion' declared at 'D:/Courses/FPGA/proj/src/KeyExpansion.vhd:8' bound to instance 'KeyExp' of component 'KeyExpansion' [D:/Courses/FPGA/proj/src/AES.vhd:88]
INFO: [Synth 8-3491] module 'KeyExpansion' declared at 'D:/Courses/FPGA/proj/src/KeyExpansion.vhd:8' bound to instance 'KeyExp' of component 'KeyExpansion' [D:/Courses/FPGA/proj/src/AES.vhd:88]
INFO: [Synth 8-3491] module 'KeyExpansion' declared at 'D:/Courses/FPGA/proj/src/KeyExpansion.vhd:8' bound to instance 'KeyExp' of component 'KeyExpansion' [D:/Courses/FPGA/proj/src/AES.vhd:88]
INFO: [Synth 8-3491] module 'KeyExpansion' declared at 'D:/Courses/FPGA/proj/src/KeyExpansion.vhd:8' bound to instance 'KeyExp' of component 'KeyExpansion' [D:/Courses/FPGA/proj/src/AES.vhd:88]
INFO: [Synth 8-3491] module 'KeyExpansion' declared at 'D:/Courses/FPGA/proj/src/KeyExpansion.vhd:8' bound to instance 'KeyExp' of component 'KeyExpansion' [D:/Courses/FPGA/proj/src/AES.vhd:88]
INFO: [Synth 8-3491] module 'KeyExpansion' declared at 'D:/Courses/FPGA/proj/src/KeyExpansion.vhd:8' bound to instance 'KeyExp' of component 'KeyExpansion' [D:/Courses/FPGA/proj/src/AES.vhd:88]
INFO: [Synth 8-3491] module 'SubBytes' declared at 'D:/Courses/FPGA/proj/src/SubBytes.vhd:8' bound to instance 'SB' of component 'SubBytes' [D:/Courses/FPGA/proj/src/AES.vhd:100]
INFO: [Synth 8-638] synthesizing module 'SubBytes' [D:/Courses/FPGA/proj/src/SubBytes.vhd:17]
INFO: [Synth 8-256] done synthesizing module 'SubBytes' (3#1) [D:/Courses/FPGA/proj/src/SubBytes.vhd:17]
INFO: [Synth 8-3491] module 'SubBytes' declared at 'D:/Courses/FPGA/proj/src/SubBytes.vhd:8' bound to instance 'SB' of component 'SubBytes' [D:/Courses/FPGA/proj/src/AES.vhd:100]
INFO: [Synth 8-3491] module 'SubBytes' declared at 'D:/Courses/FPGA/proj/src/SubBytes.vhd:8' bound to instance 'SB' of component 'SubBytes' [D:/Courses/FPGA/proj/src/AES.vhd:100]
INFO: [Synth 8-3491] module 'SubBytes' declared at 'D:/Courses/FPGA/proj/src/SubBytes.vhd:8' bound to instance 'SB' of component 'SubBytes' [D:/Courses/FPGA/proj/src/AES.vhd:100]
INFO: [Synth 8-3491] module 'SubBytes' declared at 'D:/Courses/FPGA/proj/src/SubBytes.vhd:8' bound to instance 'SB' of component 'SubBytes' [D:/Courses/FPGA/proj/src/AES.vhd:100]
INFO: [Synth 8-3491] module 'SubBytes' declared at 'D:/Courses/FPGA/proj/src/SubBytes.vhd:8' bound to instance 'SB' of component 'SubBytes' [D:/Courses/FPGA/proj/src/AES.vhd:100]
INFO: [Synth 8-3491] module 'SubBytes' declared at 'D:/Courses/FPGA/proj/src/SubBytes.vhd:8' bound to instance 'SB' of component 'SubBytes' [D:/Courses/FPGA/proj/src/AES.vhd:100]
INFO: [Synth 8-3491] module 'SubBytes' declared at 'D:/Courses/FPGA/proj/src/SubBytes.vhd:8' bound to instance 'SB' of component 'SubBytes' [D:/Courses/FPGA/proj/src/AES.vhd:100]
INFO: [Synth 8-3491] module 'SubBytes' declared at 'D:/Courses/FPGA/proj/src/SubBytes.vhd:8' bound to instance 'SB' of component 'SubBytes' [D:/Courses/FPGA/proj/src/AES.vhd:100]
INFO: [Synth 8-3491] module 'ShiftRows' declared at 'D:/Courses/FPGA/proj/src/ShiftRows.vhd:8' bound to instance 'SR' of component 'ShiftRows' [D:/Courses/FPGA/proj/src/AES.vhd:112]
INFO: [Synth 8-638] synthesizing module 'ShiftRows' [D:/Courses/FPGA/proj/src/ShiftRows.vhd:17]
INFO: [Synth 8-256] done synthesizing module 'ShiftRows' (4#1) [D:/Courses/FPGA/proj/src/ShiftRows.vhd:17]
INFO: [Synth 8-3491] module 'ShiftRows' declared at 'D:/Courses/FPGA/proj/src/ShiftRows.vhd:8' bound to instance 'SR' of component 'ShiftRows' [D:/Courses/FPGA/proj/src/AES.vhd:112]
INFO: [Synth 8-3491] module 'ShiftRows' declared at 'D:/Courses/FPGA/proj/src/ShiftRows.vhd:8' bound to instance 'SR' of component 'ShiftRows' [D:/Courses/FPGA/proj/src/AES.vhd:112]
INFO: [Synth 8-3491] module 'ShiftRows' declared at 'D:/Courses/FPGA/proj/src/ShiftRows.vhd:8' bound to instance 'SR' of component 'ShiftRows' [D:/Courses/FPGA/proj/src/AES.vhd:112]
INFO: [Synth 8-3491] module 'ShiftRows' declared at 'D:/Courses/FPGA/proj/src/ShiftRows.vhd:8' bound to instance 'SR' of component 'ShiftRows' [D:/Courses/FPGA/proj/src/AES.vhd:112]
INFO: [Synth 8-3491] module 'ShiftRows' declared at 'D:/Courses/FPGA/proj/src/ShiftRows.vhd:8' bound to instance 'SR' of component 'ShiftRows' [D:/Courses/FPGA/proj/src/AES.vhd:112]
INFO: [Synth 8-3491] module 'ShiftRows' declared at 'D:/Courses/FPGA/proj/src/ShiftRows.vhd:8' bound to instance 'SR' of component 'ShiftRows' [D:/Courses/FPGA/proj/src/AES.vhd:112]
INFO: [Synth 8-3491] module 'ShiftRows' declared at 'D:/Courses/FPGA/proj/src/ShiftRows.vhd:8' bound to instance 'SR' of component 'ShiftRows' [D:/Courses/FPGA/proj/src/AES.vhd:112]
INFO: [Synth 8-3491] module 'ShiftRows' declared at 'D:/Courses/FPGA/proj/src/ShiftRows.vhd:8' bound to instance 'SR' of component 'ShiftRows' [D:/Courses/FPGA/proj/src/AES.vhd:112]
INFO: [Synth 8-3491] module 'MixColumns' declared at 'D:/Courses/FPGA/proj/src/MixColumns.vhd:8' bound to instance 'MC' of component 'MixColumns' [D:/Courses/FPGA/proj/src/AES.vhd:125]
INFO: [Synth 8-638] synthesizing module 'MixColumns' [D:/Courses/FPGA/proj/src/MixColumns.vhd:17]
INFO: [Synth 8-256] done synthesizing module 'MixColumns' (5#1) [D:/Courses/FPGA/proj/src/MixColumns.vhd:17]
INFO: [Synth 8-3491] module 'MixColumns' declared at 'D:/Courses/FPGA/proj/src/MixColumns.vhd:8' bound to instance 'MC' of component 'MixColumns' [D:/Courses/FPGA/proj/src/AES.vhd:125]
INFO: [Synth 8-3491] module 'MixColumns' declared at 'D:/Courses/FPGA/proj/src/MixColumns.vhd:8' bound to instance 'MC' of component 'MixColumns' [D:/Courses/FPGA/proj/src/AES.vhd:125]
INFO: [Synth 8-3491] module 'MixColumns' declared at 'D:/Courses/FPGA/proj/src/MixColumns.vhd:8' bound to instance 'MC' of component 'MixColumns' [D:/Courses/FPGA/proj/src/AES.vhd:125]
INFO: [Synth 8-3491] module 'MixColumns' declared at 'D:/Courses/FPGA/proj/src/MixColumns.vhd:8' bound to instance 'MC' of component 'MixColumns' [D:/Courses/FPGA/proj/src/AES.vhd:125]
INFO: [Synth 8-3491] module 'MixColumns' declared at 'D:/Courses/FPGA/proj/src/MixColumns.vhd:8' bound to instance 'MC' of component 'MixColumns' [D:/Courses/FPGA/proj/src/AES.vhd:125]
INFO: [Synth 8-3491] module 'MixColumns' declared at 'D:/Courses/FPGA/proj/src/MixColumns.vhd:8' bound to instance 'MC' of component 'MixColumns' [D:/Courses/FPGA/proj/src/AES.vhd:125]
INFO: [Synth 8-3491] module 'MixColumns' declared at 'D:/Courses/FPGA/proj/src/MixColumns.vhd:8' bound to instance 'MC' of component 'MixColumns' [D:/Courses/FPGA/proj/src/AES.vhd:125]
INFO: [Synth 8-3491] module 'MixColumns' declared at 'D:/Courses/FPGA/proj/src/MixColumns.vhd:8' bound to instance 'MC' of component 'MixColumns' [D:/Courses/FPGA/proj/src/AES.vhd:125]
INFO: [Synth 8-3491] module 'AddRoundKey' declared at 'D:/Courses/FPGA/proj/src/AddRoundKey.vhd:8' bound to instance 'ARK' of component 'AddRoundKey' [D:/Courses/FPGA/proj/src/AES.vhd:137]
INFO: [Synth 8-3491] module 'AddRoundKey' declared at 'D:/Courses/FPGA/proj/src/AddRoundKey.vhd:8' bound to instance 'ARK' of component 'AddRoundKey' [D:/Courses/FPGA/proj/src/AES.vhd:137]
INFO: [Synth 8-3491] module 'AddRoundKey' declared at 'D:/Courses/FPGA/proj/src/AddRoundKey.vhd:8' bound to instance 'ARK' of component 'AddRoundKey' [D:/Courses/FPGA/proj/src/AES.vhd:137]
INFO: [Synth 8-3491] module 'AddRoundKey' declared at 'D:/Courses/FPGA/proj/src/AddRoundKey.vhd:8' bound to instance 'ARK' of component 'AddRoundKey' [D:/Courses/FPGA/proj/src/AES.vhd:137]
INFO: [Synth 8-3491] module 'AddRoundKey' declared at 'D:/Courses/FPGA/proj/src/AddRoundKey.vhd:8' bound to instance 'ARK' of component 'AddRoundKey' [D:/Courses/FPGA/proj/src/AES.vhd:137]
INFO: [Synth 8-3491] module 'AddRoundKey' declared at 'D:/Courses/FPGA/proj/src/AddRoundKey.vhd:8' bound to instance 'ARK' of component 'AddRoundKey' [D:/Courses/FPGA/proj/src/AES.vhd:137]
INFO: [Synth 8-3491] module 'AddRoundKey' declared at 'D:/Courses/FPGA/proj/src/AddRoundKey.vhd:8' bound to instance 'ARK' of component 'AddRoundKey' [D:/Courses/FPGA/proj/src/AES.vhd:137]
INFO: [Synth 8-3491] module 'AddRoundKey' declared at 'D:/Courses/FPGA/proj/src/AddRoundKey.vhd:8' bound to instance 'ARK' of component 'AddRoundKey' [D:/Courses/FPGA/proj/src/AES.vhd:137]
INFO: [Synth 8-3491] module 'AddRoundKey' declared at 'D:/Courses/FPGA/proj/src/AddRoundKey.vhd:8' bound to instance 'ARK' of component 'AddRoundKey' [D:/Courses/FPGA/proj/src/AES.vhd:137]
INFO: [Synth 8-3491] module 'SubBytes' declared at 'D:/Courses/FPGA/proj/src/SubBytes.vhd:8' bound to instance 'SB1' of component 'SubBytes' [D:/Courses/FPGA/proj/src/AES.vhd:146]
INFO: [Synth 8-3491] module 'ShiftRows' declared at 'D:/Courses/FPGA/proj/src/ShiftRows.vhd:8' bound to instance 'SR1' of component 'ShiftRows' [D:/Courses/FPGA/proj/src/AES.vhd:154]
INFO: [Synth 8-3491] module 'AddRoundKey' declared at 'D:/Courses/FPGA/proj/src/AddRoundKey.vhd:8' bound to instance 'ARK1' of component 'AddRoundKey' [D:/Courses/FPGA/proj/src/AES.vhd:162]
INFO: [Synth 8-256] done synthesizing module 'AES' (6#1) [D:/Courses/FPGA/proj/src/AES.vhd:21]
---------------------------------------------------------------------------------
Finished Synthesize : Time (s): cpu = 00:00:15 ; elapsed = 00:00:17 . Memory (MB): peak = 1301.043 ; gain = 218.727
---------------------------------------------------------------------------------
---------------------------------------------------------------------------------
Finished Constraint Validation : Time (s): cpu = 00:00:15 ; elapsed = 00:00:18 . Memory (MB): peak = 1301.043 ; gain = 218.727
---------------------------------------------------------------------------------
---------------------------------------------------------------------------------
Start Loading Part and Timing Information
---------------------------------------------------------------------------------
Loading part: xc7z020clg484-1
---------------------------------------------------------------------------------
INFO: [Device 21-403] Loading part xc7z020clg484-1
Finished Loading Part and Timing Information : Time (s): cpu = 00:00:16 ; elapsed = 00:00:18 . Memory (MB): peak = 1301.043 ; gain = 218.727
---------------------------------------------------------------------------------
---------------------------------------------------------------------------------
Finished RTL Optimization Phase 2 : Time (s): cpu = 00:00:29 ; elapsed = 00:00:29 . Memory (MB): peak = 1301.043 ; gain = 218.727
---------------------------------------------------------------------------------
No constraint files found.
---------------------------------------------------------------------------------
Start RTL Component Statistics 
---------------------------------------------------------------------------------
Detailed RTL Component Info : 
+---XORs : 
	   3 Input      8 Bit         XORs := 181   
	   2 Input      8 Bit         XORs := 1109  
	   6 Input      8 Bit         XORs := 45    
	   4 Input      8 Bit         XORs := 45    
	   5 Input      8 Bit         XORs := 45    
	   7 Input      8 Bit         XORs := 27    
+---Registers : 
	                8 Bit    Registers := 800   
+---Muxes : 
	   2 Input    8 Bit        Muxes := 816   
---------------------------------------------------------------------------------
Finished RTL Component Statistics 
---------------------------------------------------------------------------------
---------------------------------------------------------------------------------
Start Part Resource Summary
---------------------------------------------------------------------------------
Part Resources:
DSPs: 220 (col length:60)
BRAMs: 280 (col length: RAMB18 60 RAMB36 30)
---------------------------------------------------------------------------------
Finished Part Resource Summary
---------------------------------------------------------------------------------
No constraint files found.
---------------------------------------------------------------------------------
Start Cross Boundary and Area Optimization
---------------------------------------------------------------------------------
---------------------------------------------------------------------------------
Finished Cross Boundary and Area Optimization : Time (s): cpu = 00:02:21 ; elapsed = 00:02:25 . Memory (MB): peak = 1773.547 ; gain = 691.230
---------------------------------------------------------------------------------
No constraint files found.
---------------------------------------------------------------------------------
Start Timing Optimization
---------------------------------------------------------------------------------
---------------------------------------------------------------------------------
Finished Timing Optimization : Time (s): cpu = 00:02:21 ; elapsed = 00:02:25 . Memory (MB): peak = 1773.547 ; gain = 691.230
---------------------------------------------------------------------------------
---------------------------------------------------------------------------------
Start Technology Mapping
---------------------------------------------------------------------------------
---------------------------------------------------------------------------------
Finished Technology Mapping : Time (s): cpu = 00:02:27 ; elapsed = 00:02:31 . Memory (MB): peak = 1773.547 ; gain = 691.230
---------------------------------------------------------------------------------
---------------------------------------------------------------------------------
Start IO Insertion
---------------------------------------------------------------------------------
---------------------------------------------------------------------------------
Start Flattening Before IO Insertion
---------------------------------------------------------------------------------
---------------------------------------------------------------------------------
Finished Flattening Before IO Insertion
---------------------------------------------------------------------------------
---------------------------------------------------------------------------------
Start Final Netlist Cleanup
---------------------------------------------------------------------------------
---------------------------------------------------------------------------------
Finished Final Netlist Cleanup
---------------------------------------------------------------------------------
---------------------------------------------------------------------------------
Finished IO Insertion : Time (s): cpu = 00:02:38 ; elapsed = 00:02:42 . Memory (MB): peak = 1773.547 ; gain = 691.230
---------------------------------------------------------------------------------
---------------------------------------------------------------------------------
Start Renaming Generated Instances
---------------------------------------------------------------------------------
---------------------------------------------------------------------------------
Finished Renaming Generated Instances : Time (s): cpu = 00:02:38 ; elapsed = 00:02:42 . Memory (MB): peak = 1773.547 ; gain = 691.230
---------------------------------------------------------------------------------
---------------------------------------------------------------------------------
Start Rebuilding User Hierarchy
---------------------------------------------------------------------------------
---------------------------------------------------------------------------------
Finished Rebuilding User Hierarchy : Time (s): cpu = 00:02:39 ; elapsed = 00:02:43 . Memory (MB): peak = 1773.547 ; gain = 691.230
---------------------------------------------------------------------------------
---------------------------------------------------------------------------------
Start Renaming Generated Ports
---------------------------------------------------------------------------------
---------------------------------------------------------------------------------
Finished Renaming Generated Ports : Time (s): cpu = 00:02:39 ; elapsed = 00:02:43 . Memory (MB): peak = 1773.547 ; gain = 691.230
---------------------------------------------------------------------------------
---------------------------------------------------------------------------------
Start Handling Custom Attributes
---------------------------------------------------------------------------------
---------------------------------------------------------------------------------
Finished Handling Custom Attributes : Time (s): cpu = 00:02:40 ; elapsed = 00:02:44 . Memory (MB): peak = 1773.547 ; gain = 691.230
---------------------------------------------------------------------------------
---------------------------------------------------------------------------------
Start Renaming Generated Nets
---------------------------------------------------------------------------------
---------------------------------------------------------------------------------
Finished Renaming Generated Nets : Time (s): cpu = 00:02:40 ; elapsed = 00:02:44 . Memory (MB): peak = 1773.547 ; gain = 691.230
---------------------------------------------------------------------------------
---------------------------------------------------------------------------------
Start Writing Synthesis Report
---------------------------------------------------------------------------------

Report BlackBoxes: 
+-+--------------+----------+
| |BlackBox name |Instances |
+-+--------------+----------+
+-+--------------+----------+

Report Cell Usage: 
+------+------+------+
|      |Cell  |Count |
+------+------+------+
|1     |BUFG  |     1|
|2     |LUT2  |  2173|
|3     |LUT3  |   829|
|4     |LUT4  |   279|
|5     |LUT5  |  1126|
|6     |LUT6  | 16185|
|7     |MUXF7 |  5760|
|8     |MUXF8 |   320|
|9     |FDCE  |  6400|
|10    |IBUF  |   259|
|11    |OBUF  |   129|
+------+------+------+

Report Instance Areas: 
+------+----------------------+----------------+------+
|      |Instance              |Module          |Cells |
+------+----------------------+----------------+------+
|1     |top                   |                | 33461|
|2     |  \MCGen[1].MC        |MixColumns      |   128|
|3     |  \MCGen[2].MC        |MixColumns_19   |   128|
|4     |  \MCGen[3].MC        |MixColumns_20   |   128|
|5     |  \MCGen[4].MC        |MixColumns_21   |   128|
|6     |  \MCGen[5].MC        |MixColumns_22   |   128|
|7     |  \MCGen[6].MC        |MixColumns_23   |   128|
|8     |  \MCGen[7].MC        |MixColumns_24   |   128|
|9     |  \MCGen[8].MC        |MixColumns_25   |   128|
|10    |  \MCGen[9].MC        |MixColumns_26   |   128|
|11    |  ARK1                |AddRoundKey_0   |   128|
|12    |  ARK0                |AddRoundKey     |  1920|
|13    |  \ARKGen[1].ARK      |AddRoundKey_1   |  1792|
|14    |  \ARKGen[2].ARK      |AddRoundKey_2   |  1792|
|15    |  \ARKGen[3].ARK      |AddRoundKey_3   |  1792|
|16    |  \ARKGen[4].ARK      |AddRoundKey_4   |  1792|
|17    |  \ARKGen[5].ARK      |AddRoundKey_5   |  1792|
|18    |  \ARKGen[6].ARK      |AddRoundKey_6   |  1792|
|19    |  \ARKGen[7].ARK      |AddRoundKey_7   |  1792|
|20    |  \ARKGen[8].ARK      |AddRoundKey_8   |  1792|
|21    |  \ARKGen[9].ARK      |AddRoundKey_9   |  1792|
|22    |  \KeyGen[10].KeyExp  |KeyExpansion    |   256|
|23    |  \KeyGen[1].KeyExp   |KeyExpansion_10 |   960|
|24    |  \KeyGen[2].KeyExp   |KeyExpansion_11 |   608|
|25    |  \KeyGen[3].KeyExp   |KeyExpansion_12 |   608|
|26    |  \KeyGen[4].KeyExp   |KeyExpansion_13 |   608|
|27    |  \KeyGen[5].KeyExp   |KeyExpansion_14 |   608|
|28    |  \KeyGen[6].KeyExp   |KeyExpansion_15 |   608|
|29    |  \KeyGen[7].KeyExp   |KeyExpansion_16 |   608|
|30    |  \KeyGen[8].KeyExp   |KeyExpansion_17 |   608|
|31    |  \KeyGen[9].KeyExp   |KeyExpansion_18 |   608|
|32    |  SB1                 |SubBytes        |   192|
|33    |  \SBGen[1].SB        |SubBytes_27     |   192|
|34    |  \SBGen[2].SB        |SubBytes_28     |   192|
|35    |  \SBGen[3].SB        |SubBytes_29     |   192|
|36    |  \SBGen[4].SB        |SubBytes_30     |   192|
|37    |  \SBGen[5].SB        |SubBytes_31     |   192|
|38    |  \SBGen[6].SB        |SubBytes_32     |   192|
|39    |  \SBGen[7].SB        |SubBytes_33     |   192|
|40    |  \SBGen[8].SB        |SubBytes_34     |   192|
|41    |  \SBGen[9].SB        |SubBytes_35     |   192|
|42    |  SR1                 |ShiftRows       |   128|
|43    |  \SRGen[1].SR        |ShiftRows_36    |   624|
|44    |  \SRGen[2].SR        |ShiftRows_37    |   624|
|45    |  \SRGen[3].SR        |ShiftRows_38    |   624|
|46    |  \SRGen[4].SR        |ShiftRows_39    |   624|
|47    |  \SRGen[5].SR        |ShiftRows_40    |   624|
|48    |  \SRGen[6].SR        |ShiftRows_41    |   624|
|49    |  \SRGen[7].SR        |ShiftRows_42    |   624|
|50    |  \SRGen[8].SR        |ShiftRows_43    |   624|
|51    |  \SRGen[9].SR        |ShiftRows_44    |   624|
+------+----------------------+----------------+------+
---------------------------------------------------------------------------------
Finished Writing Synthesis Report : Time (s): cpu = 00:02:40 ; elapsed = 00:02:44 . Memory (MB): peak = 1773.547 ; gain = 691.230
---------------------------------------------------------------------------------
Synthesis finished with 0 errors, 0 critical warnings and 0 warnings.
Synthesis Optimization Runtime : Time (s): cpu = 00:02:40 ; elapsed = 00:02:44 . Memory (MB): peak = 1773.547 ; gain = 691.230
Synthesis Optimization Complete : Time (s): cpu = 00:02:40 ; elapsed = 00:02:44 . Memory (MB): peak = 1773.547 ; gain = 691.230
INFO: [Project 1-571] Translating synthesized netlist
Netlist sorting complete. Time (s): cpu = 00:00:00 ; elapsed = 00:00:00.610 . Memory (MB): peak = 1773.547 ; gain = 0.000
INFO: [Netlist 29-17] Analyzing 6080 Unisim elements for replacement
INFO: [Netlist 29-28] Unisim Transformation completed in 1 CPU seconds
INFO: [Project 1-570] Preparing netlist for logic optimization
INFO: [Opt 31-138] Pushed 0 inverter(s) to 0 load pin(s).
Netlist sorting complete. Time (s): cpu = 00:00:00 ; elapsed = 00:00:00.010 . Memory (MB): peak = 1773.547 ; gain = 0.000
INFO: [Project 1-111] Unisim Transformation Summary:
No Unisim elements were transformed.

INFO: [Common 17-83] Releasing license: Synthesis
74 Infos, 0 Warnings, 0 Critical Warnings and 0 Errors encountered.
synth_design completed successfully
synth_design: Time (s): cpu = 00:02:54 ; elapsed = 00:02:59 . Memory (MB): peak = 1773.547 ; gain = 691.230
INFO: [Common 17-1381] The checkpoint 'D:/Courses/FPGA/proj/project/project.runs/synth_1/AES.dcp' has been generated.
write_checkpoint: Time (s): cpu = 00:00:06 ; elapsed = 00:00:05 . Memory (MB): peak = 1773.547 ; gain = 0.000
INFO: [runtcl-4] Executing : report_utilization -file AES_utilization_synth.rpt -pb AES_utilization_synth.pb
INFO: [Common 17-206] Exiting Vivado at Sun Nov 29 17:51:24 2020...
